╔══════════════════════════════════════════════════════╗
║  PRIVATE MESSAGE LOG: chen.r <-> voss.k               ║
║  Retrieved from server backup -- NOT ENCRYPTED         ║
╚══════════════════════════════════════════════════════╝

[2025-10-02 18:30] CHEN.R -> VOSS.K:
  Hey, new guy. Saw you in the lab today. You looked like
  a deer in headlights when Okafor showed you the neural
  interface rig. Don't worry -- we all had that reaction.

[2025-10-02 18:45] VOSS.K -> CHEN.R:
  Ha. Yeah, it's a lot to take in. The tech is incredible
  though. I've never seen anything like it.

[2025-10-02 19:00] CHEN.R -> VOSS.K:
  "Incredible" is one word for it. Come find me when you
  start having questions about the subject files. You will.

[2025-12-15 22:10] CHEN.R -> VOSS.K:
  Kai. I need to show you something. Can you meet me in
  the archive server room after hours? There are files
  that aren't in the official briefings.

[2025-12-15 22:30] VOSS.K -> CHEN.R:
  What kind of files?

[2025-12-15 22:31] CHEN.R -> VOSS.K:
  The kind that explain why seven subjects are dead and
  nobody seems to care.

[2026-01-20 23:45] CHEN.R -> VOSS.K:
  Don't believe what they tell you about the project.
  Don't believe what they tell you about yourself.
  I know that sounds paranoid. Just... keep your eyes open.

[2026-02-28 21:00] CHEN.R -> VOSS.K:
  I'm copying everything. The subject files, the real
  budgets, the acquisition records. I'm putting it
  somewhere Sable can't touch it.

[2026-02-28 21:02] VOSS.K -> CHEN.R:
  River, this is dangerous. If Sable finds out--

[2026-02-28 21:03] CHEN.R -> VOSS.K:
  If Sable finds out, she'll do to us what she did to
  subjects who asked too many questions. I know the risk.
  But I can't look at Subject 030's file and do nothing.
  He had kids, Kai. He had a whole life they erased.

[2026-03-13 17:15] CHEN.R -> VOSS.K:
  Sable knows. She pulled me in after the meeting. She
  has logs. She's known for weeks.

[2026-03-13 17:16] VOSS.K -> CHEN.R:
  What do we do?

[2026-03-13 17:18] CHEN.R -> VOSS.K:
  You get out. Tonight. I'm going to make one more run
  at the archive to secure the evidence. I have a contact
  -- a journalist. If I can get the files to them, it
  won't matter what happens to us.

[2026-03-13 17:19] CHEN.R -> VOSS.K:
  And Kai -- whatever happens. REMEMBER. Remember that
  you're a good person who tried to do the right thing.
  Don't let them take that from you.

--- CONNECTION TERMINATED BY ADMIN ---
--- NO FURTHER MESSAGES ---
