╔══════════════════════════════════════════════════════╗
║  OMNICRON INTERNAL CHAT -- #project-lethe             ║
║  Archived Messages (Last 30 Days)                     ║
╚══════════════════════════════════════════════════════╝

[2026-02-15 09:12] SABLE.E: Good morning, team. Phase 2 wrap-up
    is on track. I need final subject reports by end of week.

[2026-02-15 09:14] OKAFOR.A: On it. Subjects 028-030 data is
    compiled. One anomaly in 029 worth discussing.

[2026-02-15 09:15] CHEN.R: What happened with 029?

[2026-02-15 09:17] OKAFOR.A: Neural cascade during template
    overlay. Same pattern we saw in 017. Subject didn't survive.

[2026-02-15 09:18] CHEN.R: That's the seventh death, Amara.
    Seven people. Doesn't that concern anyone?

[2026-02-15 09:19] SABLE.E: River, we've discussed this. The
    mortality rate is within projected parameters.

[2026-02-15 09:20] CHEN.R: "Projected parameters." These are
    people, Elena. Not parameters.

[2026-02-15 09:21] SABLE.E: Dr. Chen, please keep this channel
    professional. Take it offline if you have concerns.

[2026-02-15 09:22] CHEN.R: I HAVE been taking it offline. For
    months. My reports go into a black hole. Nobody responds.

[2026-02-15 09:23] SABLE.E: This is not the venue. My office,
    1400 today. That's not a request.

[2026-02-28 14:33] SABLE.E: Phase 3 protocol draft is ready for
    review. Dr. Okafor, please distribute to the team.

[2026-02-28 14:35] OKAFOR.A: Sent. Please review by Monday.

[2026-02-28 14:40] CHEN.R: Elena, the Phase 3 protocol calls for
    doubling the subject pool. After seven deaths. This is insane.

[2026-02-28 14:41] SABLE.E: The protocol includes enhanced safety
    measures. Your concerns have been noted and addressed.

[2026-02-28 14:43] CHEN.R: "Noted and addressed" meaning ignored.
    Got it.

[2026-02-28 14:44] SABLE.E: River. My office. Now.

[2026-03-05 11:20] OKAFOR.A: Subject 030 template is stable at
    72 hours. Best result since 023.

[2026-03-05 11:22] SABLE.E: Excellent work, Amara. This validates
    the modified approach for Phase 3.

[2026-03-05 11:25] CHEN.R: Does Subject 030 know who they used
    to be? Do they know they had a family?

[2026-03-05 11:26] SABLE.E: Subject 030's previous identity is
    irrelevant. That's the entire point of the project.

[2026-03-10 16:00] SABLE.E: Reminder: Phase 3 review meeting is
    March 13. Attendance is mandatory. Come prepared.

[2026-03-10 16:05] CHEN.R: I'll be there. And I'm adding subject
    mortality analysis to the agenda. We need to discuss this
    publicly, on the record.

[2026-03-10 16:07] SABLE.E: Fine. But keep it constructive.

[2026-03-13 16:30] SABLE.E: Good meeting today. Phase 3 is
    approved. Implementation begins Q2. Dr. Okafor will lead
    the expanded protocol team.

[2026-03-13 16:32] OKAFOR.A: Acknowledged. Timeline looks tight
    but achievable.

[2026-03-13 16:33] CHEN.R: This is wrong. You all know it's
    wrong. I'm not going to be part of this anymore.

[2026-03-13 16:34] SABLE.E: That is your choice, Dr. Chen.
    Though I'd encourage you to think carefully about what
    "not being part of this" actually looks like.

--- NO FURTHER MESSAGES FROM CHEN.R ---

[2026-03-14 08:00] SABLE.E: Dr. Chen is no longer with the
    company, effective immediately. All her current projects
    are reassigned to Dr. Okafor. Please direct any questions
    about Dr. Chen to my office.

[2026-03-14 08:01] SABLE.E: Do not attempt to contact Dr. Chen.
    This is a directive, not a suggestion.
